app/build/intermediates/manifest_merge_blame_file/debug/manifest-merger-blame-debug-report.txt
1<?xml version="1.0" encoding="utf-8"?>
2<manifest xmlns:android="http://schemas.android.com/apk/res/android"
3    package="com.nya.fgopedia"
4    android:versionCode="1"
5    android:versionName="1.0" >
6
7    <uses-sdk
8        android:minSdkVersion="22"
8-->src\main\AndroidManifest.xml
9        android:targetSdkVersion="30" />
9-->src\main\AndroidManifest.xml
10
11    <uses-permission android:name="android.permission.INTERNET" />
11-->src\main\AndroidManifest.xml:5:5-67
11-->src\main\AndroidManifest.xml:5:22-64
12
13    <!-- Although the *SdkVersion is captured in gradle build files, this is required for non gradle builds -->
14    <!-- <uses-sdk android:minSdkVersion="14"/> -->
15    <uses-permission android:name="android.permission.ACCESS_NETWORK_STATE" />
15-->[com.google.firebase:firebase-database:19.3.1] AndroidManifest.xml:25:5-79
15-->[com.google.firebase:firebase-database:19.3.1] AndroidManifest.xml:25:22-76
16    <uses-permission android:name="android.permission.WAKE_LOCK" />
16-->[com.google.android.gms:play-services-measurement-api:17.4.4] AndroidManifest.xml:24:5-68
16-->[com.google.android.gms:play-services-measurement-api:17.4.4] AndroidManifest.xml:24:22-65
17    <uses-permission android:name="com.google.android.finsky.permission.BIND_GET_INSTALL_REFERRER_SERVICE" />
17-->[com.google.android.gms:play-services-measurement:17.4.4] AndroidManifest.xml:26:5-110
17-->[com.google.android.gms:play-services-measurement:17.4.4] AndroidManifest.xml:26:22-107
18
19    <application
19-->src\main\AndroidManifest.xml:7:5-29:19
20        android:allowBackup="true"
20-->src\main\AndroidManifest.xml:8:9-35
21        android:appComponentFactory="androidx.core.app.CoreComponentFactory"
21-->[androidx.core:core:1.3.0] AndroidManifest.xml:24:18-86
22        android:debuggable="true"
23        android:icon="@mipmap/ic_launcher"
23-->src\main\AndroidManifest.xml:9:9-43
24        android:label="@string/app_name"
24-->src\main\AndroidManifest.xml:10:9-41
25        android:roundIcon="@mipmap/ic_launcher"
25-->src\main\AndroidManifest.xml:11:9-48
26        android:supportsRtl="true"
26-->src\main\AndroidManifest.xml:12:9-35
27        android:testOnly="true"
28        android:theme="@style/AppTheme" >
28-->src\main\AndroidManifest.xml:13:9-40
29        <activity android:name="com.nya.fgopedia.DetailCeActivity" />
29-->src\main\AndroidManifest.xml:14:9-63
29-->src\main\AndroidManifest.xml:14:19-51
30        <activity android:name="com.nya.fgopedia.ui.servant.DetailActivity" />
30-->src\main\AndroidManifest.xml:15:9-63
30-->src\main\AndroidManifest.xml:15:19-60
31        <activity
31-->src\main\AndroidManifest.xml:16:9-18:55
32            android:name="com.nya.fgopedia.ui.bottomNavigasi.NavActivity"
32-->src\main\AndroidManifest.xml:17:13-58
33            android:windowSoftInputMode="adjustPan" />
33-->src\main\AndroidManifest.xml:18:13-52
34        <activity android:name="com.nya.fgopedia.ui.intro_slider.IntroSliderActivity" />
34-->src\main\AndroidManifest.xml:19:9-73
34-->src\main\AndroidManifest.xml:19:19-70
35        <activity
35-->src\main\AndroidManifest.xml:20:9-28:20
36            android:name="com.nya.fgopedia.ui.splashScreen.SplashScreenActivity"
36-->src\main\AndroidManifest.xml:21:13-65
37            android:label="@string/app_name" >
37-->src\main\AndroidManifest.xml:22:13-45
38            <intent-filter>
38-->src\main\AndroidManifest.xml:23:13-27:29
39                <action android:name="android.intent.action.MAIN" />
39-->src\main\AndroidManifest.xml:24:17-69
39-->src\main\AndroidManifest.xml:24:25-66
40
41                <category android:name="android.intent.category.LAUNCHER" />
41-->src\main\AndroidManifest.xml:26:17-77
41-->src\main\AndroidManifest.xml:26:27-74
42            </intent-filter>
43        </activity>
44
45        <service
45-->[com.google.firebase:firebase-database:19.3.1] AndroidManifest.xml:29:9-35:19
46            android:name="com.google.firebase.components.ComponentDiscoveryService"
46-->[com.google.firebase:firebase-database:19.3.1] AndroidManifest.xml:30:13-84
47            android:directBootAware="true"
47-->[com.google.firebase:firebase-common:19.3.0] AndroidManifest.xml:34:13-43
48            android:exported="false" >
48-->[com.google.firebase:firebase-database:19.3.1] AndroidManifest.xml:31:13-37
49            <meta-data
49-->[com.google.firebase:firebase-database:19.3.1] AndroidManifest.xml:32:13-34:85
50                android:name="com.google.firebase.components:com.google.firebase.database.DatabaseRegistrar"
50-->[com.google.firebase:firebase-database:19.3.1] AndroidManifest.xml:33:17-109
51                android:value="com.google.firebase.components.ComponentRegistrar" />
51-->[com.google.firebase:firebase-database:19.3.1] AndroidManifest.xml:34:17-82
52            <meta-data
52-->[com.google.firebase:firebase-storage:19.1.1] AndroidManifest.xml:33:13-35:85
53                android:name="com.google.firebase.components:com.google.firebase.storage.StorageRegistrar"
53-->[com.google.firebase:firebase-storage:19.1.1] AndroidManifest.xml:34:17-107
54                android:value="com.google.firebase.components.ComponentRegistrar" />
54-->[com.google.firebase:firebase-storage:19.1.1] AndroidManifest.xml:35:17-82
55            <meta-data
55-->[com.google.firebase:firebase-auth:19.3.2] AndroidManifest.xml:36:13-38:85
56                android:name="com.google.firebase.components:com.google.firebase.auth.FirebaseAuthRegistrar"
56-->[com.google.firebase:firebase-auth:19.3.2] AndroidManifest.xml:37:17-109
57                android:value="com.google.firebase.components.ComponentRegistrar" />
57-->[com.google.firebase:firebase-auth:19.3.2] AndroidManifest.xml:38:17-82
58            <meta-data
58-->[com.google.android.gms:play-services-measurement-api:17.4.4] AndroidManifest.xml:30:13-32:85
59                android:name="com.google.firebase.components:com.google.firebase.analytics.connector.internal.AnalyticsConnectorRegistrar"
59-->[com.google.android.gms:play-services-measurement-api:17.4.4] AndroidManifest.xml:31:17-139
60                android:value="com.google.firebase.components.ComponentRegistrar" />
60-->[com.google.android.gms:play-services-measurement-api:17.4.4] AndroidManifest.xml:32:17-82
61            <meta-data
61-->[com.google.firebase:firebase-installations:16.3.2] AndroidManifest.xml:17:13-19:85
62                android:name="com.google.firebase.components:com.google.firebase.installations.FirebaseInstallationsRegistrar"
62-->[com.google.firebase:firebase-installations:16.3.2] AndroidManifest.xml:18:17-127
63                android:value="com.google.firebase.components.ComponentRegistrar" />
63-->[com.google.firebase:firebase-installations:16.3.2] AndroidManifest.xml:19:17-82
64        </service>
65
66        <activity
66-->[com.google.firebase:firebase-auth:19.3.2] AndroidManifest.xml:24:9-31:50
67            android:name="com.google.firebase.auth.internal.FederatedSignInActivity"
67-->[com.google.firebase:firebase-auth:19.3.2] AndroidManifest.xml:25:13-85
68            android:excludeFromRecents="true"
68-->[com.google.firebase:firebase-auth:19.3.2] AndroidManifest.xml:26:13-46
69            android:exported="true"
69-->[com.google.firebase:firebase-auth:19.3.2] AndroidManifest.xml:27:13-36
70            android:launchMode="singleTask"
70-->[com.google.firebase:firebase-auth:19.3.2] AndroidManifest.xml:28:13-44
71            android:permission="com.google.firebase.auth.api.gms.permission.LAUNCH_FEDERATED_SIGN_IN"
71-->[com.google.firebase:firebase-auth:19.3.2] AndroidManifest.xml:29:13-102
72            android:theme="@android:style/Theme.Translucent.NoTitleBar" />
72-->[com.google.firebase:firebase-auth:19.3.2] AndroidManifest.xml:30:13-72
73
74        <provider
74-->[com.squareup.picasso:picasso:2.71828] AndroidManifest.xml:8:9-11:40
75            android:name="com.squareup.picasso.PicassoProvider"
75-->[com.squareup.picasso:picasso:2.71828] AndroidManifest.xml:9:13-64
76            android:authorities="com.nya.fgopedia.com.squareup.picasso"
76-->[com.squareup.picasso:picasso:2.71828] AndroidManifest.xml:10:13-72
77            android:exported="false" />
77-->[com.squareup.picasso:picasso:2.71828] AndroidManifest.xml:11:13-37
78        <provider
78-->[com.google.firebase:firebase-common:19.3.0] AndroidManifest.xml:26:9-30:39
79            android:name="com.google.firebase.provider.FirebaseInitProvider"
79-->[com.google.firebase:firebase-common:19.3.0] AndroidManifest.xml:27:13-77
80            android:authorities="com.nya.fgopedia.firebaseinitprovider"
80-->[com.google.firebase:firebase-common:19.3.0] AndroidManifest.xml:28:13-72
81            android:exported="false"
81-->[com.google.firebase:firebase-common:19.3.0] AndroidManifest.xml:29:13-37
82            android:initOrder="100" />
82-->[com.google.firebase:firebase-common:19.3.0] AndroidManifest.xml:30:13-36
83
84        <receiver
84-->[com.google.android.gms:play-services-measurement:17.4.4] AndroidManifest.xml:29:9-33:20
85            android:name="com.google.android.gms.measurement.AppMeasurementReceiver"
85-->[com.google.android.gms:play-services-measurement:17.4.4] AndroidManifest.xml:30:13-85
86            android:enabled="true"
86-->[com.google.android.gms:play-services-measurement:17.4.4] AndroidManifest.xml:31:13-35
87            android:exported="false" >
87-->[com.google.android.gms:play-services-measurement:17.4.4] AndroidManifest.xml:32:13-37
88        </receiver>
89
90        <service
90-->[com.google.android.gms:play-services-measurement:17.4.4] AndroidManifest.xml:35:9-38:40
91            android:name="com.google.android.gms.measurement.AppMeasurementService"
91-->[com.google.android.gms:play-services-measurement:17.4.4] AndroidManifest.xml:36:13-84
92            android:enabled="true"
92-->[com.google.android.gms:play-services-measurement:17.4.4] AndroidManifest.xml:37:13-35
93            android:exported="false" />
93-->[com.google.android.gms:play-services-measurement:17.4.4] AndroidManifest.xml:38:13-37
94        <service
94-->[com.google.android.gms:play-services-measurement:17.4.4] AndroidManifest.xml:39:9-43:72
95            android:name="com.google.android.gms.measurement.AppMeasurementJobService"
95-->[com.google.android.gms:play-services-measurement:17.4.4] AndroidManifest.xml:40:13-87
96            android:enabled="true"
96-->[com.google.android.gms:play-services-measurement:17.4.4] AndroidManifest.xml:41:13-35
97            android:exported="false"
97-->[com.google.android.gms:play-services-measurement:17.4.4] AndroidManifest.xml:42:13-37
98            android:permission="android.permission.BIND_JOB_SERVICE" />
98-->[com.google.android.gms:play-services-measurement:17.4.4] AndroidManifest.xml:43:13-69
99
100        <activity
100-->[com.google.android.gms:play-services-base:17.1.0] AndroidManifest.xml:23:9-26:75
101            android:name="com.google.android.gms.common.api.GoogleApiActivity"
101-->[com.google.android.gms:play-services-base:17.1.0] AndroidManifest.xml:24:13-79
102            android:exported="false"
102-->[com.google.android.gms:play-services-base:17.1.0] AndroidManifest.xml:25:13-37
103            android:theme="@android:style/Theme.Translucent.NoTitleBar" />
103-->[com.google.android.gms:play-services-base:17.1.0] AndroidManifest.xml:26:13-72
104
105        <meta-data
105-->[com.google.android.gms:play-services-basement:17.0.0] AndroidManifest.xml:23:9-25:69
106            android:name="com.google.android.gms.version"
106-->[com.google.android.gms:play-services-basement:17.0.0] AndroidManifest.xml:24:13-58
107            android:value="@integer/google_play_services_version" />
107-->[com.google.android.gms:play-services-basement:17.0.0] AndroidManifest.xml:25:13-66
108
109        <provider
109-->[androidx.lifecycle:lifecycle-process:2.2.0] AndroidManifest.xml:25:9-29:43
110            android:name="androidx.lifecycle.ProcessLifecycleOwnerInitializer"
110-->[androidx.lifecycle:lifecycle-process:2.2.0] AndroidManifest.xml:26:13-79
111            android:authorities="com.nya.fgopedia.lifecycle-process"
111-->[androidx.lifecycle:lifecycle-process:2.2.0] AndroidManifest.xml:27:13-69
112            android:exported="false"
112-->[androidx.lifecycle:lifecycle-process:2.2.0] AndroidManifest.xml:28:13-37
113            android:multiprocess="true" />
113-->[androidx.lifecycle:lifecycle-process:2.2.0] AndroidManifest.xml:29:13-40
114    </application>
115
116</manifest>